2021-06-15 09:54:55,799 INFO [root] [base.py (__init__:18] - 获取driver对象：<appium.webdriver.webdriver.WebDriver (session="f65d1e0f-feb9-4f72-9d8d-239e1e4cc62e")>
2021-06-15 09:54:55,803 INFO [root] [base.py (base_find:25] - 正在查找元素：('id', 'com.qjy.teleeye:id/tv_home_dialog_ok') 超时时间：10 访问频率：0.5
2021-06-15 09:54:56,725 INFO [root] [base.py (base_click:40] - 正在点击元素：('id', 'com.qjy.teleeye:id/tv_home_dialog_ok')
2021-06-15 09:55:04,151 INFO [root] [base.py (base_find:25] - 正在查找元素：('id', 'com.qjy.teleeye:id/tv_go_app') 超时时间：10 访问频率：0.5
2021-06-15 09:55:04,619 INFO [root] [base.py (base_click:40] - 正在点击元素：('id', 'com.qjy.teleeye:id/tv_go_app')
2021-06-15 09:55:04,621 INFO [root] [base.py (base_find:25] - 正在查找元素：('xpath', "//*[@text='仅在使用中允许']") 超时时间：10 访问频率：0.5
2021-06-15 09:55:06,424 INFO [root] [base.py (base_click:40] - 正在点击元素：('xpath', "//*[@text='仅在使用中允许']")
2021-06-15 09:55:06,426 INFO [root] [base.py (base_find:25] - 正在查找元素：('id', 'com.qjy.teleeye:id/iv_tabbar_me') 超时时间：10 访问频率：0.5
2021-06-15 09:55:08,718 INFO [root] [base.py (base_click:40] - 正在点击元素：('id', 'com.qjy.teleeye:id/iv_tabbar_me')
2021-06-15 09:55:08,722 INFO [root] [base.py (base_find:25] - 正在查找元素：('id', 'com.qjy.teleeye:id/tv_info_head_name') 超时时间：10 访问频率：0.5
2021-06-15 09:55:10,442 INFO [root] [base.py (base_click:40] - 正在点击元素：('id', 'com.qjy.teleeye:id/tv_info_head_name')
2021-06-15 09:55:10,446 INFO [root] [base.py (base_find:25] - 正在查找元素：('id', 'com.qjy.teleeye:id/tv_chat_rests_login') 超时时间：10 访问频率：0.5
2021-06-15 09:55:11,840 INFO [root] [base.py (base_click:40] - 正在点击元素：('id', 'com.qjy.teleeye:id/tv_chat_rests_login')
2021-06-15 09:55:11,840 INFO [root] [base.py (__init__:18] - 获取driver对象：<appium.webdriver.webdriver.WebDriver (session="f65d1e0f-feb9-4f72-9d8d-239e1e4cc62e")>
2021-06-15 09:55:11,841 INFO [root] [base.py (base_find:25] - 正在查找元素：('id', 'com.qjy.teleeye:id/et_reginster_phone_number') 超时时间：10 访问频率：0.5
2021-06-15 09:55:11,925 INFO [root] [base.py (base_input:48] - 正在对元素：('id', 'com.qjy.teleeye:id/et_reginster_phone_number') 执行清空操作
2021-06-15 09:55:12,971 INFO [root] [base.py (base_input:51] - 对元素：('id', 'com.qjy.teleeye:id/et_reginster_phone_number') 执行 输入：13511112222
2021-06-15 09:55:12,972 INFO [root] [base.py (base_find:25] - 正在查找元素：('id', 'com.qjy.teleeye:id/et_reginster_phone_code') 超时时间：10 访问频率：0.5
2021-06-15 09:55:13,534 INFO [root] [base.py (base_input:48] - 正在对元素：('id', 'com.qjy.teleeye:id/et_reginster_phone_code') 执行清空操作
2021-06-15 09:55:14,465 INFO [root] [base.py (base_input:51] - 对元素：('id', 'com.qjy.teleeye:id/et_reginster_phone_code') 执行 输入：123456
2021-06-15 09:55:14,468 INFO [root] [base.py (base_find:25] - 正在查找元素：('id', 'com.qjy.teleeye:id/tv_register_enter') 超时时间：10 访问频率：0.5
2021-06-15 09:55:15,090 INFO [root] [base.py (base_click:40] - 正在点击元素：('id', 'com.qjy.teleeye:id/tv_register_enter')
2021-06-15 09:55:15,091 INFO [root] [base.py (__init__:18] - 获取driver对象：<appium.webdriver.webdriver.WebDriver (session="f65d1e0f-feb9-4f72-9d8d-239e1e4cc62e")>
2021-06-15 09:55:15,095 INFO [root] [base.py (base_find:25] - 正在查找元素：('id', 'com.qjy.teleeye:id/iv_tabbar_letter') 超时时间：10 访问频率：0.5
2021-06-15 09:55:16,673 INFO [root] [base.py (base_click:40] - 正在点击元素：('id', 'com.qjy.teleeye:id/iv_tabbar_letter')
2021-06-15 09:55:16,675 INFO [root] [base.py (base_find:25] - 正在查找元素：('xpath', '//*[@text="分类"]') 超时时间：10 访问频率：0.5
2021-06-15 09:55:19,209 INFO [root] [base.py (base_click:40] - 正在点击元素：('xpath', '//*[@text="分类"]')
2021-06-15 09:55:19,213 INFO [root] [base.py (base_find:25] - 正在查找元素：('xpath', '//*[@text="大学"]') 超时时间：10 访问频率：0.5
2021-06-15 09:55:20,709 INFO [root] [base.py (base_click:40] - 正在点击元素：('xpath', '//*[@text="大学"]')
2021-06-15 09:55:20,712 INFO [root] [base.py (base_find:25] - 正在查找元素：('xpath', '//*[@text="北京大学"]') 超时时间：10 访问频率：0.5
2021-06-15 09:55:22,472 INFO [root] [base.py (base_click:40] - 正在点击元素：('xpath', '//*[@text="北京大学"]')
2021-06-15 09:55:22,474 INFO [root] [base.py (base_find:25] - 正在查找元素：('xpath', '//*[@text="带我看"]') 超时时间：10 访问频率：0.5
2021-06-15 09:55:24,177 INFO [root] [base.py (base_click:40] - 正在点击元素：('xpath', '//*[@text="带我看"]')
2021-06-15 09:55:24,178 INFO [root] [base.py (base_find:25] - 正在查找元素：('id', 'com.qjy.teleeye:id/et_order_create_service_money') 超时时间：10 访问频率：0.5
2021-06-15 09:55:25,044 INFO [root] [base.py (base_input:48] - 正在对元素：('id', 'com.qjy.teleeye:id/et_order_create_service_money') 执行清空操作
2021-06-15 09:55:25,599 INFO [root] [base.py (base_input:51] - 对元素：('id', 'com.qjy.teleeye:id/et_order_create_service_money') 执行 输入：0.1
2021-06-15 09:55:25,600 INFO [root] [base.py (base_find:25] - 正在查找元素：('id', 'com.qjy.teleeye:id/et_order_create_demand') 超时时间：10 访问频率：0.5
2021-06-15 09:55:26,483 INFO [root] [base.py (base_input:48] - 正在对元素：('id', 'com.qjy.teleeye:id/et_order_create_demand') 执行清空操作
2021-06-15 09:55:27,012 INFO [root] [base.py (base_input:51] - 对元素：('id', 'com.qjy.teleeye:id/et_order_create_demand') 执行 输入：跑腿代购1
2021-06-15 09:55:27,014 INFO [root] [base.py (base_find:25] - 正在查找元素：('id', 'com.qjy.teleeye:id/tv_order_create_pay') 超时时间：10 访问频率：0.5
2021-06-15 09:55:28,364 INFO [root] [base.py (base_click:40] - 正在点击元素：('id', 'com.qjy.teleeye:id/tv_order_create_pay')
2021-06-15 09:55:28,366 INFO [root] [base.py (base_find:25] - 正在查找元素：('id', 'com.qjy.teleeye:id/tv_order_preview_issue') 超时时间：10 访问频率：0.5
2021-06-15 09:55:29,377 INFO [root] [base.py (base_click:40] - 正在点击元素：('id', 'com.qjy.teleeye:id/tv_order_preview_issue')
2021-06-15 09:55:31,595 INFO [root] [base.py (base_find:25] - 正在查找元素：('id', 'com.qjy.teleeye:id/tv_popup_order_ok') 超时时间：10 访问频率：0.5
2021-06-15 09:55:31,699 INFO [root] [base.py (base_click:40] - 正在点击元素：('id', 'com.qjy.teleeye:id/tv_popup_order_ok')
2021-06-15 09:55:31,700 INFO [root] [base.py (base_find:25] - 正在查找元素：('id', 'com.qjy.teleeye:id/iv_tabbar_me') 超时时间：10 访问频率：0.5
2021-06-15 09:55:33,037 INFO [root] [base.py (base_click:40] - 正在点击元素：('id', 'com.qjy.teleeye:id/iv_tabbar_me')
2021-06-15 09:55:33,039 INFO [root] [base.py (base_find:25] - 正在查找元素：('id', 'com.qjy.teleeye:id/ll_me_info_bill') 超时时间：10 访问频率：0.5
2021-06-15 09:55:33,187 INFO [root] [base.py (base_click:40] - 正在点击元素：('id', 'com.qjy.teleeye:id/ll_me_info_bill')
2021-06-15 09:55:35,203 INFO [root] [base.py (base_finds:32] - 正在查找元素：('xpath', '//*[@text="对方已接单/未付款"]') 超时时间：0.2 访问频率：0.5
2021-06-15 09:55:37,880 INFO [root] [base.py (base_finds:32] - 正在查找元素：('xpath', '//*[@text="对方已接单/未付款"]') 超时时间：0.2 访问频率：0.5
2021-06-15 09:55:40,626 INFO [root] [base.py (base_find:25] - 正在查找元素：('xpath', '//*[@text="等待接单"]') 超时时间：10 访问频率：0.5
2021-06-15 09:55:41,613 INFO [root] [base.py (base_click:40] - 正在点击元素：('xpath', '//*[@text="等待接单"]')
2021-06-15 09:55:41,615 INFO [root] [base.py (base_find:25] - 正在查找元素：('id', 'com.qjy.teleeye:id/tv_order_details_check_off') 超时时间：10 访问频率：0.5
2021-06-15 09:55:41,753 INFO [root] [base.py (base_click:40] - 正在点击元素：('id', 'com.qjy.teleeye:id/tv_order_details_check_off')
2021-06-15 09:55:41,754 INFO [root] [base.py (base_find:25] - 正在查找元素：('id', 'com.qjy.teleeye:id/btn_pos') 超时时间：10 访问频率：0.5
2021-06-15 09:55:42,552 INFO [root] [base.py (base_click:40] - 正在点击元素：('id', 'com.qjy.teleeye:id/btn_pos')
2021-06-15 09:55:42,553 INFO [root] [base.py (base_find:25] - 正在查找元素：('id', 'com.qjy.teleeye:id/tv_order_details_back') 超时时间：10 访问频率：0.5
2021-06-15 09:55:44,684 INFO [root] [base.py (base_click:40] - 正在点击元素：('id', 'com.qjy.teleeye:id/tv_order_details_back')
2021-06-15 09:55:44,686 INFO [root] [base.py (base_find:25] - 正在查找元素：('id', 'com.qjy.teleeye:id/tv_action_bar_menu_back') 超时时间：10 访问频率：0.5
2021-06-15 09:55:45,107 INFO [root] [base.py (base_click:40] - 正在点击元素：('id', 'com.qjy.teleeye:id/tv_action_bar_menu_back')
2021-06-15 09:55:45,115 INFO [root] [base.py (__init__:18] - 获取driver对象：<appium.webdriver.webdriver.WebDriver (session="f65d1e0f-feb9-4f72-9d8d-239e1e4cc62e")>
2021-06-15 09:55:45,120 INFO [root] [base.py (base_find:25] - 正在查找元素：('id', 'com.qjy.teleeye:id/iv_tabbar_letter') 超时时间：10 访问频率：0.5
2021-06-15 09:55:46,509 INFO [root] [base.py (base_click:40] - 正在点击元素：('id', 'com.qjy.teleeye:id/iv_tabbar_letter')
2021-06-15 09:55:46,512 INFO [root] [base.py (base_find:25] - 正在查找元素：('xpath', '//*[@text="分类"]') 超时时间：10 访问频率：0.5
2021-06-15 09:55:48,421 INFO [root] [base.py (base_click:40] - 正在点击元素：('xpath', '//*[@text="分类"]')
2021-06-15 09:55:48,423 INFO [root] [base.py (base_find:25] - 正在查找元素：('xpath', '//*[@text="大学"]') 超时时间：10 访问频率：0.5
2021-06-15 09:55:48,847 INFO [root] [base.py (base_click:40] - 正在点击元素：('xpath', '//*[@text="大学"]')
2021-06-15 09:55:48,849 INFO [root] [base.py (base_find:25] - 正在查找元素：('xpath', '//*[@text="北京大学"]') 超时时间：10 访问频率：0.5
2021-06-15 09:55:49,855 INFO [root] [base.py (base_click:40] - 正在点击元素：('xpath', '//*[@text="北京大学"]')
2021-06-15 09:55:49,857 INFO [root] [base.py (base_find:25] - 正在查找元素：('xpath', '//*[@text="带我看"]') 超时时间：10 访问频率：0.5
2021-06-15 09:55:51,513 INFO [root] [base.py (base_click:40] - 正在点击元素：('xpath', '//*[@text="带我看"]')
2021-06-15 09:55:51,514 INFO [root] [base.py (base_find:25] - 正在查找元素：('id', 'com.qjy.teleeye:id/et_order_create_service_money') 超时时间：10 访问频率：0.5
2021-06-15 09:55:52,359 INFO [root] [base.py (base_input:48] - 正在对元素：('id', 'com.qjy.teleeye:id/et_order_create_service_money') 执行清空操作
2021-06-15 09:55:53,401 INFO [root] [base.py (base_input:51] - 对元素：('id', 'com.qjy.teleeye:id/et_order_create_service_money') 执行 输入：0.1
2021-06-15 09:55:53,402 INFO [root] [base.py (base_find:25] - 正在查找元素：('id', 'com.qjy.teleeye:id/et_order_create_demand') 超时时间：10 访问频率：0.5
2021-06-15 09:55:53,947 INFO [root] [base.py (base_input:48] - 正在对元素：('id', 'com.qjy.teleeye:id/et_order_create_demand') 执行清空操作
2021-06-15 09:55:55,010 INFO [root] [base.py (base_input:51] - 对元素：('id', 'com.qjy.teleeye:id/et_order_create_demand') 执行 输入：分享留学1
2021-06-15 09:55:55,012 INFO [root] [base.py (base_find:25] - 正在查找元素：('id', 'com.qjy.teleeye:id/tv_order_create_pay') 超时时间：10 访问频率：0.5
2021-06-15 09:55:56,240 INFO [root] [base.py (base_click:40] - 正在点击元素：('id', 'com.qjy.teleeye:id/tv_order_create_pay')
2021-06-15 09:55:56,242 INFO [root] [base.py (base_find:25] - 正在查找元素：('id', 'com.qjy.teleeye:id/tv_order_preview_issue') 超时时间：10 访问频率：0.5
2021-06-15 09:55:57,247 INFO [root] [base.py (base_click:40] - 正在点击元素：('id', 'com.qjy.teleeye:id/tv_order_preview_issue')
2021-06-15 09:55:59,469 INFO [root] [base.py (base_find:25] - 正在查找元素：('id', 'com.qjy.teleeye:id/tv_popup_order_ok') 超时时间：10 访问频率：0.5
2021-06-15 09:55:59,578 INFO [root] [base.py (base_click:40] - 正在点击元素：('id', 'com.qjy.teleeye:id/tv_popup_order_ok')
2021-06-15 09:55:59,580 INFO [root] [base.py (base_find:25] - 正在查找元素：('id', 'com.qjy.teleeye:id/iv_tabbar_me') 超时时间：10 访问频率：0.5
2021-06-15 09:56:00,932 INFO [root] [base.py (base_click:40] - 正在点击元素：('id', 'com.qjy.teleeye:id/iv_tabbar_me')
2021-06-15 09:56:00,934 INFO [root] [base.py (base_find:25] - 正在查找元素：('id', 'com.qjy.teleeye:id/ll_me_info_bill') 超时时间：10 访问频率：0.5
2021-06-15 09:56:01,048 INFO [root] [base.py (base_click:40] - 正在点击元素：('id', 'com.qjy.teleeye:id/ll_me_info_bill')
2021-06-15 09:56:03,053 INFO [root] [base.py (base_finds:32] - 正在查找元素：('xpath', '//*[@text="对方已接单/未付款"]') 超时时间：0.2 访问频率：0.5
2021-06-15 09:56:05,687 INFO [root] [base.py (base_finds:32] - 正在查找元素：('xpath', '//*[@text="对方已接单/未付款"]') 超时时间：0.2 访问频率：0.5
2021-06-15 09:56:08,742 INFO [root] [base.py (base_find:25] - 正在查找元素：('xpath', '//*[@text="等待接单"]') 超时时间：10 访问频率：0.5
2021-06-15 09:56:09,736 INFO [root] [base.py (base_click:40] - 正在点击元素：('xpath', '//*[@text="等待接单"]')
2021-06-15 09:56:09,739 INFO [root] [base.py (base_find:25] - 正在查找元素：('id', 'com.qjy.teleeye:id/tv_order_details_check_off') 超时时间：10 访问频率：0.5
2021-06-15 09:56:09,857 INFO [root] [base.py (base_click:40] - 正在点击元素：('id', 'com.qjy.teleeye:id/tv_order_details_check_off')
2021-06-15 09:56:09,859 INFO [root] [base.py (base_find:25] - 正在查找元素：('id', 'com.qjy.teleeye:id/btn_pos') 超时时间：10 访问频率：0.5
2021-06-15 09:56:10,591 INFO [root] [base.py (base_click:40] - 正在点击元素：('id', 'com.qjy.teleeye:id/btn_pos')
2021-06-15 09:56:10,593 INFO [root] [base.py (base_find:25] - 正在查找元素：('id', 'com.qjy.teleeye:id/tv_order_details_back') 超时时间：10 访问频率：0.5
2021-06-15 09:56:11,501 INFO [root] [base.py (base_click:40] - 正在点击元素：('id', 'com.qjy.teleeye:id/tv_order_details_back')
2021-06-15 09:56:11,503 INFO [root] [base.py (base_find:25] - 正在查找元素：('id', 'com.qjy.teleeye:id/tv_action_bar_menu_back') 超时时间：10 访问频率：0.5
2021-06-15 09:56:14,970 INFO [root] [base.py (base_click:40] - 正在点击元素：('id', 'com.qjy.teleeye:id/tv_action_bar_menu_back')
2021-06-15 09:56:22,729 INFO [root] [base.py (__init__:18] - 获取driver对象：<appium.webdriver.webdriver.WebDriver (session="5600d35a-c4f2-402b-b8f8-a2e36f6578b1")>
2021-06-15 09:56:22,731 INFO [root] [base.py (base_find:25] - 正在查找元素：('id', 'com.qjy.teleeye:id/tv_home_dialog_ok') 超时时间：10 访问频率：0.5
2021-06-15 09:56:23,663 INFO [root] [base.py (base_click:40] - 正在点击元素：('id', 'com.qjy.teleeye:id/tv_home_dialog_ok')
2021-06-15 09:56:30,999 INFO [root] [base.py (base_find:25] - 正在查找元素：('id', 'com.qjy.teleeye:id/tv_go_app') 超时时间：10 访问频率：0.5
2021-06-15 09:56:31,454 INFO [root] [base.py (base_click:40] - 正在点击元素：('id', 'com.qjy.teleeye:id/tv_go_app')
2021-06-15 09:56:31,456 INFO [root] [base.py (base_find:25] - 正在查找元素：('xpath', "//*[@text='仅在使用中允许']") 超时时间：10 访问频率：0.5
2021-06-15 09:56:32,851 INFO [root] [base.py (base_click:40] - 正在点击元素：('xpath', "//*[@text='仅在使用中允许']")
2021-06-15 09:56:32,853 INFO [root] [base.py (base_find:25] - 正在查找元素：('id', 'com.qjy.teleeye:id/iv_tabbar_me') 超时时间：10 访问频率：0.5
2021-06-15 09:56:34,910 INFO [root] [base.py (base_click:40] - 正在点击元素：('id', 'com.qjy.teleeye:id/iv_tabbar_me')
2021-06-15 09:56:34,912 INFO [root] [base.py (base_find:25] - 正在查找元素：('id', 'com.qjy.teleeye:id/tv_info_head_name') 超时时间：10 访问频率：0.5
2021-06-15 09:56:35,950 INFO [root] [base.py (base_click:40] - 正在点击元素：('id', 'com.qjy.teleeye:id/tv_info_head_name')
2021-06-15 09:56:35,952 INFO [root] [base.py (base_find:25] - 正在查找元素：('id', 'com.qjy.teleeye:id/tv_chat_rests_login') 超时时间：10 访问频率：0.5
2021-06-15 09:56:37,339 INFO [root] [base.py (base_click:40] - 正在点击元素：('id', 'com.qjy.teleeye:id/tv_chat_rests_login')
2021-06-15 09:56:37,339 INFO [root] [base.py (__init__:18] - 获取driver对象：<appium.webdriver.webdriver.WebDriver (session="5600d35a-c4f2-402b-b8f8-a2e36f6578b1")>
2021-06-15 09:56:37,340 INFO [root] [base.py (base_find:25] - 正在查找元素：('id', 'com.qjy.teleeye:id/et_reginster_phone_number') 超时时间：10 访问频率：0.5
2021-06-15 09:56:37,435 INFO [root] [base.py (base_input:48] - 正在对元素：('id', 'com.qjy.teleeye:id/et_reginster_phone_number') 执行清空操作
2021-06-15 09:56:38,586 INFO [root] [base.py (base_input:51] - 对元素：('id', 'com.qjy.teleeye:id/et_reginster_phone_number') 执行 输入：13511112222
2021-06-15 09:56:38,588 INFO [root] [base.py (base_find:25] - 正在查找元素：('id', 'com.qjy.teleeye:id/et_reginster_phone_code') 超时时间：10 访问频率：0.5
2021-06-15 09:56:39,266 INFO [root] [base.py (base_input:48] - 正在对元素：('id', 'com.qjy.teleeye:id/et_reginster_phone_code') 执行清空操作
2021-06-15 09:56:40,305 INFO [root] [base.py (base_input:51] - 对元素：('id', 'com.qjy.teleeye:id/et_reginster_phone_code') 执行 输入：123456
2021-06-15 09:56:40,307 INFO [root] [base.py (base_find:25] - 正在查找元素：('id', 'com.qjy.teleeye:id/tv_register_enter') 超时时间：10 访问频率：0.5
2021-06-15 09:56:40,920 INFO [root] [base.py (base_click:40] - 正在点击元素：('id', 'com.qjy.teleeye:id/tv_register_enter')
2021-06-15 09:56:40,921 INFO [root] [base.py (__init__:18] - 获取driver对象：<appium.webdriver.webdriver.WebDriver (session="5600d35a-c4f2-402b-b8f8-a2e36f6578b1")>
2021-06-15 09:56:40,926 INFO [root] [base.py (base_find:25] - 正在查找元素：('id', 'com.qjy.teleeye:id/iv_tabbar_letter') 超时时间：10 访问频率：0.5
2021-06-15 09:56:42,726 INFO [root] [base.py (base_click:40] - 正在点击元素：('id', 'com.qjy.teleeye:id/iv_tabbar_letter')
2021-06-15 09:56:42,729 INFO [root] [base.py (base_find:25] - 正在查找元素：('xpath', '//*[@text="家乡"]') 超时时间：10 访问频率：0.5
2021-06-15 09:56:46,580 INFO [root] [base.py (base_click:40] - 正在点击元素：('xpath', '//*[@text="家乡"]')
2021-06-15 09:56:46,583 INFO [root] [base.py (base_find:25] - 正在查找元素：('xpath', '//*[@resource-id="app"]/android.view.View[1]/android.view.View[1]/android.view.View[1]/android.view.View[1]/android.view.View[4]/android.widget.Image[1]') 超时时间：10 访问频率：0.5
2021-06-15 09:56:47,604 INFO [root] [base.py (base_click:40] - 正在点击元素：('xpath', '//*[@resource-id="app"]/android.view.View[1]/android.view.View[1]/android.view.View[1]/android.view.View[1]/android.view.View[4]/android.widget.Image[1]')
2021-06-15 09:56:47,606 INFO [root] [base.py (base_find:25] - 正在查找元素：('xpath', '/hierarchy/android.widget.FrameLayout/android.widget.LinearLayout/android.widget.FrameLayout/android.widget.LinearLayout/android.widget.FrameLayout/android.widget.RelativeLayout/android.widget.FrameLayout/android.widget.RelativeLayout/android.widget.RelativeLayout/android.webkit.WebView/android.webkit.WebView/android.view.View/android.view.View/android.view.View/android.view.View/android.view.View/android.view.View[4]/android.view.View[2]/android.view.View[3]/android.view.View/android.view.View/android.widget.Image') 超时时间：10 访问频率：0.5
2021-06-15 09:56:48,031 INFO [root] [base.py (base_click:40] - 正在点击元素：('xpath', '/hierarchy/android.widget.FrameLayout/android.widget.LinearLayout/android.widget.FrameLayout/android.widget.LinearLayout/android.widget.FrameLayout/android.widget.RelativeLayout/android.widget.FrameLayout/android.widget.RelativeLayout/android.widget.RelativeLayout/android.webkit.WebView/android.webkit.WebView/android.view.View/android.view.View/android.view.View/android.view.View/android.view.View/android.view.View[4]/android.view.View[2]/android.view.View[3]/android.view.View/android.view.View/android.widget.Image')
2021-06-15 09:56:48,033 INFO [root] [base.py (base_find:25] - 正在查找元素：('xpath', '//*[@text="发布家乡风景"]') 超时时间：10 访问频率：0.5
2021-06-15 09:56:49,450 INFO [root] [base.py (base_click:40] - 正在点击元素：('xpath', '//*[@text="发布家乡风景"]')
2021-06-15 09:56:49,452 INFO [root] [base.py (base_find:25] - 正在查找元素：('xpath', '//*[@text="图片/视频"]') 超时时间：10 访问频率：0.5
2021-06-15 09:56:50,730 INFO [root] [base.py (base_click:40] - 正在点击元素：('xpath', '//*[@text="图片/视频"]')
2021-06-15 09:56:50,736 INFO [root] [base.py (base_finds:32] - 正在查找元素：('xpath', "//*[@text='仅在使用中允许']") 超时时间：2 访问频率：0.5
2021-06-15 09:56:51,681 INFO [root] [base.py (base_finds:32] - 正在查找元素：('xpath', "//*[@text='仅在使用中允许']") 超时时间：2 访问频率：0.5
2021-06-15 09:56:51,732 INFO [root] [base.py (base_find:25] - 正在查找元素：('xpath', "//*[@text='仅在使用中允许']") 超时时间：10 访问频率：0.5
2021-06-15 09:56:51,823 INFO [root] [base.py (base_click:40] - 正在点击元素：('xpath', "//*[@text='仅在使用中允许']")
2021-06-15 09:56:51,828 INFO [root] [base.py (base_finds:32] - 正在查找元素：('xpath', "//*[@text='仅在使用中允许']") 超时时间：2 访问频率：0.5
2021-06-15 09:56:51,867 INFO [root] [base.py (base_finds:32] - 正在查找元素：('xpath', "//*[@text='仅在使用中允许']") 超时时间：2 访问频率：0.5
2021-06-15 09:56:52,717 INFO [root] [base.py (base_find:25] - 正在查找元素：('xpath', "//*[@text='仅在使用中允许']") 超时时间：10 访问频率：0.5
2021-06-15 09:56:52,836 INFO [root] [base.py (base_click:40] - 正在点击元素：('xpath', "//*[@text='仅在使用中允许']")
2021-06-15 09:56:52,843 INFO [root] [base.py (base_finds:32] - 正在查找元素：('xpath', "//*[@text='仅在使用中允许']") 超时时间：2 访问频率：0.5
2021-06-15 09:56:59,146 INFO [root] [base.py (base_finds:32] - 正在查找元素：('xpath', "//*[@text='仅在使用中允许']") 超时时间：2 访问频率：0.5
2021-06-15 09:57:04,774 INFO [root] [base.py (base_find:25] - 正在查找元素：('xpath', '//*[@text="选照片"]') 超时时间：10 访问频率：0.5
2021-06-15 09:57:04,905 INFO [root] [base.py (base_click:40] - 正在点击元素：('xpath', '//*[@text="选照片"]')
2021-06-15 09:57:04,907 INFO [root] [base.py (base_find:25] - 正在查找元素：('xpath', '//*[@resource-id="com.qjy.teleeye:id/mRecyclerView"]/android.widget.FrameLayout[2]/android.widget.LinearLayout[1]/android.widget.RelativeLayout[1]/android.widget.FrameLayout[1]/android.widget.CheckBox[1]') 超时时间：10 访问频率：0.5
2021-06-15 09:57:06,123 INFO [root] [base.py (base_click:40] - 正在点击元素：('xpath', '//*[@resource-id="com.qjy.teleeye:id/mRecyclerView"]/android.widget.FrameLayout[2]/android.widget.LinearLayout[1]/android.widget.RelativeLayout[1]/android.widget.FrameLayout[1]/android.widget.CheckBox[1]')
2021-06-15 09:57:06,125 INFO [root] [base.py (base_find:25] - 正在查找元素：('xpath', '//*[@resource-id="com.qjy.teleeye:id/tv_rightBtn"]') 超时时间：10 访问频率：0.5
2021-06-15 09:57:07,145 INFO [root] [base.py (base_click:40] - 正在点击元素：('xpath', '//*[@resource-id="com.qjy.teleeye:id/tv_rightBtn"]')
2021-06-15 09:57:07,146 INFO [root] [base.py (base_find:25] - 正在查找元素：('xpath', '/hierarchy/android.widget.FrameLayout/android.widget.LinearLayout/android.widget.FrameLayout/android.widget.LinearLayout/android.widget.FrameLayout/android.widget.RelativeLayout/android.widget.LinearLayout/android.webkit.WebView/android.webkit.WebView/android.view.View/android.view.View[2]/android.view.View[1]/android.view.View[1]/android.widget.EditText') 超时时间：10 访问频率：0.5
2021-06-15 09:57:08,365 INFO [root] [base.py (base_input:48] - 正在对元素：('xpath', '/hierarchy/android.widget.FrameLayout/android.widget.LinearLayout/android.widget.FrameLayout/android.widget.LinearLayout/android.widget.FrameLayout/android.widget.RelativeLayout/android.widget.LinearLayout/android.webkit.WebView/android.webkit.WebView/android.view.View/android.view.View[2]/android.view.View[1]/android.view.View[1]/android.widget.EditText') 执行清空操作
2021-06-15 09:57:08,904 INFO [root] [base.py (base_input:51] - 对元素：('xpath', '/hierarchy/android.widget.FrameLayout/android.widget.LinearLayout/android.widget.FrameLayout/android.widget.LinearLayout/android.widget.FrameLayout/android.widget.RelativeLayout/android.widget.LinearLayout/android.webkit.WebView/android.webkit.WebView/android.view.View/android.view.View[2]/android.view.View[1]/android.view.View[1]/android.widget.EditText') 执行 输入：12345678901234567890
2021-06-15 09:57:10,907 INFO [root] [base.py (base_find:25] - 正在查找元素：('xpath', '/hierarchy/android.widget.FrameLayout/android.widget.LinearLayout/android.widget.FrameLayout/android.widget.LinearLayout/android.widget.FrameLayout/android.widget.RelativeLayout/android.widget.LinearLayout/android.webkit.WebView/android.webkit.WebView/android.view.View/android.view.View[2]/android.view.View[2]/android.view.View[2]/android.widget.EditText') 超时时间：10 访问频率：0.5
2021-06-15 09:57:11,036 INFO [root] [base.py (base_input:48] - 正在对元素：('xpath', '/hierarchy/android.widget.FrameLayout/android.widget.LinearLayout/android.widget.FrameLayout/android.widget.LinearLayout/android.widget.FrameLayout/android.widget.RelativeLayout/android.widget.LinearLayout/android.webkit.WebView/android.webkit.WebView/android.view.View/android.view.View[2]/android.view.View[2]/android.view.View[2]/android.widget.EditText') 执行清空操作
2021-06-15 09:57:11,575 INFO [root] [base.py (base_input:51] - 对元素：('xpath', '/hierarchy/android.widget.FrameLayout/android.widget.LinearLayout/android.widget.FrameLayout/android.widget.LinearLayout/android.widget.FrameLayout/android.widget.RelativeLayout/android.widget.LinearLayout/android.webkit.WebView/android.webkit.WebView/android.view.View/android.view.View[2]/android.view.View[2]/android.view.View[2]/android.widget.EditText') 执行 输入：12345678901234567890
2021-06-15 09:57:11,577 INFO [root] [base.py (base_find:25] - 正在查找元素：('xpath', '//*[@text="提交"]') 超时时间：10 访问频率：0.5
2021-06-15 09:57:12,265 INFO [root] [base.py (base_click:40] - 正在点击元素：('xpath', '//*[@text="提交"]')
2021-06-15 09:57:12,267 INFO [root] [base.py (base_find:25] - 正在查找元素：('id', 'com.qjy.teleeye:id/iv_tabbar_me') 超时时间：10 访问频率：0.5
2021-06-15 09:57:16,176 INFO [root] [base.py (base_click:40] - 正在点击元素：('id', 'com.qjy.teleeye:id/iv_tabbar_me')
2021-06-15 09:57:16,177 INFO [root] [base.py (base_find:25] - 正在查找元素：('xpath', '//*[@text="我的发布"]') 超时时间：10 访问频率：0.5
2021-06-15 09:57:17,016 INFO [root] [base.py (base_click:40] - 正在点击元素：('xpath', '//*[@text="我的发布"]')
2021-06-15 09:57:17,018 INFO [root] [base.py (base_find:25] - 正在查找元素：('xpath', '//*[@resource-id="app"]/android.view.View[1]/android.view.View[1]/android.view.View[4]/android.view.View[1]/android.view.View[2]/android.view.View[1]/android.view.View[1]/android.view.View[1]/android.view.View[1]/android.view.View[1]') 超时时间：10 访问频率：0.5
2021-06-15 09:57:18,730 INFO [root] [base.py (base_click:40] - 正在点击元素：('xpath', '//*[@resource-id="app"]/android.view.View[1]/android.view.View[1]/android.view.View[4]/android.view.View[1]/android.view.View[2]/android.view.View[1]/android.view.View[1]/android.view.View[1]/android.view.View[1]/android.view.View[1]')
2021-06-15 09:57:18,732 INFO [root] [base.py (base_find:25] - 正在查找元素：('xpath', '//*[@text="个人中心"]/android.view.View[2]') 超时时间：10 访问频率：0.5
2021-06-15 09:57:19,812 INFO [root] [base.py (base_click:40] - 正在点击元素：('xpath', '//*[@text="个人中心"]/android.view.View[2]')
2021-06-15 09:57:19,814 INFO [root] [base.py (base_find:25] - 正在查找元素：('xpath', '//*[@resource-id="app"]/android.view.View[1]/android.view.View[2]/android.view.View[1]/android.view.View[1]') 超时时间：10 访问频率：0.5
2021-06-15 09:57:20,596 INFO [root] [base.py (base_click:40] - 正在点击元素：('xpath', '//*[@resource-id="app"]/android.view.View[1]/android.view.View[2]/android.view.View[1]/android.view.View[1]')
2021-06-15 09:57:28,445 INFO [root] [base.py (__init__:18] - 获取driver对象：<appium.webdriver.webdriver.WebDriver (session="da3366fb-12ff-4c3e-b4e1-4a66548d6843")>
2021-06-15 09:57:28,446 INFO [root] [base.py (base_find:25] - 正在查找元素：('id', 'com.qjy.teleeye:id/tv_home_dialog_ok') 超时时间：10 访问频率：0.5
2021-06-15 09:57:29,405 INFO [root] [base.py (base_click:40] - 正在点击元素：('id', 'com.qjy.teleeye:id/tv_home_dialog_ok')
2021-06-15 09:57:36,722 INFO [root] [base.py (base_find:25] - 正在查找元素：('id', 'com.qjy.teleeye:id/tv_go_app') 超时时间：10 访问频率：0.5
2021-06-15 09:57:37,186 INFO [root] [base.py (base_click:40] - 正在点击元素：('id', 'com.qjy.teleeye:id/tv_go_app')
2021-06-15 09:57:37,188 INFO [root] [base.py (base_find:25] - 正在查找元素：('xpath', "//*[@text='仅在使用中允许']") 超时时间：10 访问频率：0.5
2021-06-15 09:57:38,740 INFO [root] [base.py (base_click:40] - 正在点击元素：('xpath', "//*[@text='仅在使用中允许']")
2021-06-15 09:57:38,742 INFO [root] [base.py (base_find:25] - 正在查找元素：('id', 'com.qjy.teleeye:id/iv_tabbar_me') 超时时间：10 访问频率：0.5
2021-06-15 09:57:40,601 INFO [root] [base.py (base_click:40] - 正在点击元素：('id', 'com.qjy.teleeye:id/iv_tabbar_me')
2021-06-15 09:57:40,603 INFO [root] [base.py (base_find:25] - 正在查找元素：('id', 'com.qjy.teleeye:id/tv_info_head_name') 超时时间：10 访问频率：0.5
2021-06-15 09:57:41,744 INFO [root] [base.py (base_click:40] - 正在点击元素：('id', 'com.qjy.teleeye:id/tv_info_head_name')
2021-06-15 09:57:41,746 INFO [root] [base.py (base_find:25] - 正在查找元素：('id', 'com.qjy.teleeye:id/tv_chat_rests_login') 超时时间：10 访问频率：0.5
2021-06-15 09:57:43,397 INFO [root] [base.py (base_click:40] - 正在点击元素：('id', 'com.qjy.teleeye:id/tv_chat_rests_login')
2021-06-15 09:57:43,397 INFO [root] [base.py (__init__:18] - 获取driver对象：<appium.webdriver.webdriver.WebDriver (session="da3366fb-12ff-4c3e-b4e1-4a66548d6843")>
2021-06-15 09:57:43,398 INFO [root] [base.py (base_find:25] - 正在查找元素：('id', 'com.qjy.teleeye:id/et_reginster_phone_number') 超时时间：10 访问频率：0.5
2021-06-15 09:57:43,503 INFO [root] [base.py (base_input:48] - 正在对元素：('id', 'com.qjy.teleeye:id/et_reginster_phone_number') 执行清空操作
2021-06-15 09:57:44,080 INFO [root] [base.py (base_input:51] - 对元素：('id', 'com.qjy.teleeye:id/et_reginster_phone_number') 执行 输入：13511112222
2021-06-15 09:57:44,081 INFO [root] [base.py (base_find:25] - 正在查找元素：('id', 'com.qjy.teleeye:id/et_reginster_phone_code') 超时时间：10 访问频率：0.5
2021-06-15 09:57:44,640 INFO [root] [base.py (base_input:48] - 正在对元素：('id', 'com.qjy.teleeye:id/et_reginster_phone_code') 执行清空操作
2021-06-15 09:57:45,941 INFO [root] [base.py (base_input:51] - 对元素：('id', 'com.qjy.teleeye:id/et_reginster_phone_code') 执行 输入：123456
2021-06-15 09:57:45,943 INFO [root] [base.py (base_find:25] - 正在查找元素：('id', 'com.qjy.teleeye:id/tv_register_enter') 超时时间：10 访问频率：0.5
2021-06-15 09:57:46,781 INFO [root] [base.py (base_click:40] - 正在点击元素：('id', 'com.qjy.teleeye:id/tv_register_enter')
2021-06-15 09:57:46,783 INFO [root] [base.py (__init__:18] - 获取driver对象：<appium.webdriver.webdriver.WebDriver (session="da3366fb-12ff-4c3e-b4e1-4a66548d6843")>
2021-06-15 09:57:46,784 INFO [root] [base.py (base_find:25] - 正在查找元素：('id', 'com.qjy.teleeye:id/iv_tabbar_letter') 超时时间：10 访问频率：0.5
2021-06-15 09:57:48,999 INFO [root] [base.py (base_click:40] - 正在点击元素：('id', 'com.qjy.teleeye:id/iv_tabbar_letter')
2021-06-15 09:57:49,001 INFO [root] [base.py (base_find:25] - 正在查找元素：('xpath', '//*[@text="带看"]') 超时时间：10 访问频率：0.5
2021-06-15 09:57:52,124 INFO [root] [base.py (base_click:40] - 正在点击元素：('xpath', '//*[@text="带看"]')
2021-06-15 09:57:52,126 INFO [root] [base.py (base_find:25] - 正在查找元素：('id', 'com.qjy.teleeye:id/iv_help_map_location_search') 超时时间：10 访问频率：0.5
2021-06-15 09:57:52,240 INFO [root] [base.py (base_click:40] - 正在点击元素：('id', 'com.qjy.teleeye:id/iv_help_map_location_search')
2021-06-15 09:57:53,253 INFO [root] [base.py (base_find:25] - 正在查找元素：('id', 'com.qjy.teleeye:id/et_baidumap_search') 超时时间：10 访问频率：0.5
2021-06-15 09:57:53,375 INFO [root] [base.py (base_input:48] - 正在对元素：('id', 'com.qjy.teleeye:id/et_baidumap_search') 执行清空操作
2021-06-15 09:57:54,745 INFO [root] [base.py (base_input:51] - 对元素：('id', 'com.qjy.teleeye:id/et_baidumap_search') 执行 输入：西二旗
2021-06-15 09:57:54,747 INFO [root] [base.py (base_find:25] - 正在查找元素：('xpath', '//*[@resource-id="com.qjy.teleeye:id/lv_baidumap_search"]/android.widget.LinearLayout[1]') 超时时间：10 访问频率：0.5
2021-06-15 09:57:56,428 INFO [root] [base.py (base_click:40] - 正在点击元素：('xpath', '//*[@resource-id="com.qjy.teleeye:id/lv_baidumap_search"]/android.widget.LinearLayout[1]')
2021-06-15 09:57:56,429 INFO [root] [base.py (base_find:25] - 正在查找元素：('id', 'com.qjy.teleeye:id/rb_order_create_billing_time') 超时时间：10 访问频率：0.5
2021-06-15 09:57:56,555 INFO [root] [base.py (base_click:40] - 正在点击元素：('id', 'com.qjy.teleeye:id/rb_order_create_billing_time')
2021-06-15 09:57:57,556 INFO [root] [base.py (base_find:25] - 正在查找元素：('id', 'com.qjy.teleeye:id/et_order_create_service_money') 超时时间：10 访问频率：0.5
2021-06-15 09:57:57,666 INFO [root] [base.py (base_input:48] - 正在对元素：('id', 'com.qjy.teleeye:id/et_order_create_service_money') 执行清空操作
2021-06-15 09:57:58,745 INFO [root] [base.py (base_input:51] - 对元素：('id', 'com.qjy.teleeye:id/et_order_create_service_money') 执行 输入：0.1
2021-06-15 09:58:00,754 INFO [root] [base.py (base_find:25] - 正在查找元素：('id', 'com.qjy.teleeye:id/et_order_create_demand') 超时时间：10 访问频率：0.5
2021-06-15 09:58:00,868 INFO [root] [base.py (base_input:48] - 正在对元素：('id', 'com.qjy.teleeye:id/et_order_create_demand') 执行清空操作
2021-06-15 09:58:01,411 INFO [root] [base.py (base_input:51] - 对元素：('id', 'com.qjy.teleeye:id/et_order_create_demand') 执行 输入：随便看看
2021-06-15 09:58:01,413 INFO [root] [base.py (base_find:25] - 正在查找元素：('id', 'com.qjy.teleeye:id/tv_order_create_pay') 超时时间：10 访问频率：0.5
2021-06-15 09:58:02,727 INFO [root] [base.py (base_click:40] - 正在点击元素：('id', 'com.qjy.teleeye:id/tv_order_create_pay')
2021-06-15 09:58:02,729 INFO [root] [base.py (base_find:25] - 正在查找元素：('id', 'com.qjy.teleeye:id/tv_order_preview_type') 超时时间：10 访问频率：0.5
2021-06-15 09:58:02,803 INFO [root] [base.py (base_get_text:61] - 获取：('id', 'com.qjy.teleeye:id/tv_order_preview_type') 元素的文本：带我看>西二旗-地铁站
2021-06-15 09:58:02,805 INFO [root] [base.py (base_find:25] - 正在查找元素：('id', 'com.qjy.teleeye:id/tv_order_preview_type') 超时时间：10 访问频率：0.5
2021-06-15 09:58:02,872 INFO [root] [base.py (base_find:25] - 正在查找元素：('id', 'com.qjy.teleeye:id/tv_order_preview_type') 超时时间：10 访问频率：0.5
2021-06-15 09:58:02,939 INFO [root] [base.py (base_get_text:61] - 获取：('id', 'com.qjy.teleeye:id/tv_order_preview_type') 元素的文本：带我看>西二旗-地铁站
2021-06-15 09:58:02,940 INFO [root] [base.py (base_find:25] - 正在查找元素：('id', 'com.qjy.teleeye:id/tv_order_preview_type') 超时时间：10 访问频率：0.5
2021-06-15 09:58:03,018 INFO [root] [base.py (base_find:25] - 正在查找元素：('id', 'com.qjy.teleeye:id/tv_order_preview_type') 超时时间：10 访问频率：0.5
2021-06-15 09:58:03,091 INFO [root] [base.py (base_get_text:61] - 获取：('id', 'com.qjy.teleeye:id/tv_order_preview_type') 元素的文本：带我看>西二旗-地铁站
2021-06-15 09:58:03,092 INFO [root] [base.py (base_find:25] - 正在查找元素：('id', 'com.qjy.teleeye:id/tv_order_preview_type') 超时时间：10 访问频率：0.5
2021-06-15 09:58:03,166 INFO [root] [base.py (base_find:25] - 正在查找元素：('id', 'com.qjy.teleeye:id/tv_order_preview_demand') 超时时间：10 访问频率：0.5
2021-06-15 09:58:03,236 INFO [root] [base.py (base_get_text:61] - 获取：('id', 'com.qjy.teleeye:id/tv_order_preview_demand') 元素的文本：随便看看
2021-06-15 09:58:03,237 INFO [root] [base.py (base_find:25] - 正在查找元素：('id', 'com.qjy.teleeye:id/tv_order_preview_demand') 超时时间：10 访问频率：0.5
2021-06-15 09:58:03,308 INFO [root] [base.py (base_find:25] - 正在查找元素：('id', 'com.qjy.teleeye:id/tv_order_preview_demand') 超时时间：10 访问频率：0.5
2021-06-15 09:58:03,377 INFO [root] [base.py (base_get_text:61] - 获取：('id', 'com.qjy.teleeye:id/tv_order_preview_demand') 元素的文本：随便看看
2021-06-15 09:58:03,378 INFO [root] [base.py (base_find:25] - 正在查找元素：('id', 'com.qjy.teleeye:id/tv_order_preview_demand') 超时时间：10 访问频率：0.5
2021-06-15 09:58:03,443 INFO [root] [base.py (base_find:25] - 正在查找元素：('id', 'com.qjy.teleeye:id/tv_order_preview_demand') 超时时间：10 访问频率：0.5
2021-06-15 09:58:03,508 INFO [root] [base.py (base_get_text:61] - 获取：('id', 'com.qjy.teleeye:id/tv_order_preview_demand') 元素的文本：随便看看
2021-06-15 09:58:03,510 INFO [root] [base.py (base_find:25] - 正在查找元素：('id', 'com.qjy.teleeye:id/tv_order_preview_demand') 超时时间：10 访问频率：0.5
2021-06-15 09:58:03,567 INFO [root] [base.py (base_find:25] - 正在查找元素：('id', 'com.qjy.teleeye:id/tv_order_preview_issue') 超时时间：10 访问频率：0.5
2021-06-15 09:58:05,028 INFO [root] [base.py (base_click:40] - 正在点击元素：('id', 'com.qjy.teleeye:id/tv_order_preview_issue')
2021-06-15 09:58:07,239 INFO [root] [base.py (base_find:25] - 正在查找元素：('id', 'com.qjy.teleeye:id/tv_popup_order_ok') 超时时间：10 访问频率：0.5
2021-06-15 09:58:07,360 INFO [root] [base.py (base_click:40] - 正在点击元素：('id', 'com.qjy.teleeye:id/tv_popup_order_ok')
2021-06-15 09:58:07,360 INFO [root] [base.py (__init__:18] - 获取driver对象：<appium.webdriver.webdriver.WebDriver (session="da3366fb-12ff-4c3e-b4e1-4a66548d6843")>
2021-06-15 09:58:08,370 INFO [root] [base.py (base_find:25] - 正在查找元素：('id', 'com.qjy.teleeye:id/iv_tabbar_me') 超时时间：10 访问频率：0.5
2021-06-15 09:58:08,492 INFO [root] [base.py (base_click:40] - 正在点击元素：('id', 'com.qjy.teleeye:id/iv_tabbar_me')
2021-06-15 09:58:08,494 INFO [root] [base.py (base_find:25] - 正在查找元素：('id', 'com.qjy.teleeye:id/ll_me_info_bill') 超时时间：10 访问频率：0.5
2021-06-15 09:58:09,322 INFO [root] [base.py (base_click:40] - 正在点击元素：('id', 'com.qjy.teleeye:id/ll_me_info_bill')
2021-06-15 09:58:11,337 INFO [root] [base.py (base_finds:32] - 正在查找元素：('xpath', '//*[@text="对方已接单/未付款"]') 超时时间：0.2 访问频率：0.5
2021-06-15 09:58:12,054 INFO [root] [base.py (base_finds:32] - 正在查找元素：('xpath', '//*[@text="对方已接单/未付款"]') 超时时间：0.2 访问频率：0.5
2021-06-15 09:58:12,787 INFO [root] [base.py (base_find:25] - 正在查找元素：('xpath', '//*[@text="等待接单"]') 超时时间：10 访问频率：0.5
2021-06-15 09:58:13,835 INFO [root] [base.py (base_click:40] - 正在点击元素：('xpath', '//*[@text="等待接单"]')
2021-06-15 09:58:13,837 INFO [root] [base.py (base_find:25] - 正在查找元素：('id', 'com.qjy.teleeye:id/tv_order_details_check_off') 超时时间：10 访问频率：0.5
2021-06-15 09:58:13,969 INFO [root] [base.py (base_click:40] - 正在点击元素：('id', 'com.qjy.teleeye:id/tv_order_details_check_off')
2021-06-15 09:58:13,971 INFO [root] [base.py (base_find:25] - 正在查找元素：('id', 'com.qjy.teleeye:id/btn_pos') 超时时间：10 访问频率：0.5
2021-06-15 09:58:14,836 INFO [root] [base.py (base_click:40] - 正在点击元素：('id', 'com.qjy.teleeye:id/btn_pos')
2021-06-15 09:58:14,838 INFO [root] [base.py (base_find:25] - 正在查找元素：('id', 'com.qjy.teleeye:id/tv_order_details_back') 超时时间：10 访问频率：0.5
2021-06-15 09:58:15,811 INFO [root] [base.py (base_click:40] - 正在点击元素：('id', 'com.qjy.teleeye:id/tv_order_details_back')
2021-06-15 09:58:15,812 INFO [root] [base.py (base_find:25] - 正在查找元素：('id', 'com.qjy.teleeye:id/tv_action_bar_menu_back') 超时时间：10 访问频率：0.5
2021-06-15 09:58:18,253 INFO [root] [base.py (base_click:40] - 正在点击元素：('id', 'com.qjy.teleeye:id/tv_action_bar_menu_back')
2021-06-15 09:58:18,264 INFO [root] [base.py (__init__:18] - 获取driver对象：<appium.webdriver.webdriver.WebDriver (session="da3366fb-12ff-4c3e-b4e1-4a66548d6843")>
2021-06-15 09:58:18,269 INFO [root] [base.py (base_find:25] - 正在查找元素：('id', 'com.qjy.teleeye:id/iv_tabbar_letter') 超时时间：10 访问频率：0.5
2021-06-15 09:58:18,884 INFO [root] [base.py (base_click:40] - 正在点击元素：('id', 'com.qjy.teleeye:id/iv_tabbar_letter')
2021-06-15 09:58:18,885 INFO [root] [base.py (base_find:25] - 正在查找元素：('xpath', '//*[@text="带看"]') 超时时间：10 访问频率：0.5
2021-06-15 09:58:21,309 INFO [root] [base.py (base_click:40] - 正在点击元素：('xpath', '//*[@text="带看"]')
2021-06-15 09:58:21,310 INFO [root] [base.py (base_find:25] - 正在查找元素：('id', 'com.qjy.teleeye:id/tv_help_map_use_location') 超时时间：10 访问频率：0.5
2021-06-15 09:58:21,409 INFO [root] [base.py (base_click:40] - 正在点击元素：('id', 'com.qjy.teleeye:id/tv_help_map_use_location')
2021-06-15 09:58:21,411 INFO [root] [base.py (base_find:25] - 正在查找元素：('xpath', '//*[@resource-id="com.qjy.teleeye:id/ll_order_create_type_location"]/android.widget.ImageView[1]') 超时时间：10 访问频率：0.5
2021-06-15 09:58:22,219 INFO [root] [base.py (base_click:40] - 正在点击元素：('xpath', '//*[@resource-id="com.qjy.teleeye:id/ll_order_create_type_location"]/android.widget.ImageView[1]')
2021-06-15 09:58:22,220 INFO [root] [base.py (base_find:25] - 正在查找元素：('id', 'com.qjy.teleeye:id/tv_action_bar_menu_next') 超时时间：10 访问频率：0.5
2021-06-15 09:58:27,326 INFO [root] [base.py (base_click:40] - 正在点击元素：('id', 'com.qjy.teleeye:id/tv_action_bar_menu_next')
2021-06-15 09:58:27,329 INFO [root] [base.py (base_find:25] - 正在查找元素：('xpath', '//*[@text="阿克塞哈萨克族自治县(甘肃省 酒泉市)"]') 超时时间：10 访问频率：0.5
2021-06-15 09:58:31,117 INFO [root] [base.py (base_click:40] - 正在点击元素：('xpath', '//*[@text="阿克塞哈萨克族自治县(甘肃省 酒泉市)"]')
2021-06-15 09:58:31,119 INFO [root] [base.py (base_find:25] - 正在查找元素：('id', 'com.qjy.teleeye:id/tv_help_map_use_location') 超时时间：10 访问频率：0.5
2021-06-15 09:58:31,208 INFO [root] [base.py (base_click:40] - 正在点击元素：('id', 'com.qjy.teleeye:id/tv_help_map_use_location')
2021-06-15 09:58:31,209 INFO [root] [base.py (base_find:25] - 正在查找元素：('xpath', '//*[@text="按分钟计费"]') 超时时间：10 访问频率：0.5
2021-06-15 09:58:32,515 INFO [root] [base.py (base_click:40] - 正在点击元素：('xpath', '//*[@text="按分钟计费"]')
2021-06-15 09:58:32,517 INFO [root] [base.py (base_find:25] - 正在查找元素：('id', 'com.qjy.teleeye:id/et_order_create_service_money') 超时时间：10 访问频率：0.5
2021-06-15 09:58:32,591 INFO [root] [base.py (base_input:48] - 正在对元素：('id', 'com.qjy.teleeye:id/et_order_create_service_money') 执行清空操作
2021-06-15 09:58:33,634 INFO [root] [base.py (base_input:51] - 对元素：('id', 'com.qjy.teleeye:id/et_order_create_service_money') 执行 输入：0.1
2021-06-15 09:58:33,635 INFO [root] [base.py (base_find:25] - 正在查找元素：('id', 'com.qjy.teleeye:id/et_order_create_demand') 超时时间：10 访问频率：0.5
2021-06-15 09:58:34,196 INFO [root] [base.py (base_input:48] - 正在对元素：('id', 'com.qjy.teleeye:id/et_order_create_demand') 执行清空操作
2021-06-15 09:58:34,839 INFO [root] [base.py (base_input:51] - 对元素：('id', 'com.qjy.teleeye:id/et_order_create_demand') 执行 输入：随便看看
2021-06-15 09:58:34,841 INFO [root] [base.py (base_find:25] - 正在查找元素：('id', 'com.qjy.teleeye:id/tv_order_create_pay') 超时时间：10 访问频率：0.5
2021-06-15 09:58:36,076 INFO [root] [base.py (base_click:40] - 正在点击元素：('id', 'com.qjy.teleeye:id/tv_order_create_pay')
2021-06-15 09:58:36,078 INFO [root] [base.py (base_find:25] - 正在查找元素：('id', 'com.qjy.teleeye:id/tv_order_preview_issue') 超时时间：10 访问频率：0.5
2021-06-15 09:58:37,051 INFO [root] [base.py (base_click:40] - 正在点击元素：('id', 'com.qjy.teleeye:id/tv_order_preview_issue')
2021-06-15 09:58:39,284 INFO [root] [base.py (base_find:25] - 正在查找元素：('id', 'com.qjy.teleeye:id/tv_popup_order_ok') 超时时间：10 访问频率：0.5
2021-06-15 09:58:39,430 INFO [root] [base.py (base_click:40] - 正在点击元素：('id', 'com.qjy.teleeye:id/tv_popup_order_ok')
2021-06-15 09:58:39,431 INFO [root] [base.py (__init__:18] - 获取driver对象：<appium.webdriver.webdriver.WebDriver (session="da3366fb-12ff-4c3e-b4e1-4a66548d6843")>
2021-06-15 09:58:39,433 INFO [root] [base.py (base_find:25] - 正在查找元素：('id', 'com.qjy.teleeye:id/iv_tabbar_me') 超时时间：10 访问频率：0.5
2021-06-15 09:58:40,246 INFO [root] [base.py (base_click:40] - 正在点击元素：('id', 'com.qjy.teleeye:id/iv_tabbar_me')
2021-06-15 09:58:40,248 INFO [root] [base.py (base_find:25] - 正在查找元素：('id', 'com.qjy.teleeye:id/ll_me_info_bill') 超时时间：10 访问频率：0.5
2021-06-15 09:58:41,025 INFO [root] [base.py (base_click:40] - 正在点击元素：('id', 'com.qjy.teleeye:id/ll_me_info_bill')
2021-06-15 09:58:43,036 INFO [root] [base.py (base_finds:32] - 正在查找元素：('xpath', '//*[@text="对方已接单/未付款"]') 超时时间：0.2 访问频率：0.5
2021-06-15 09:58:45,759 INFO [root] [base.py (base_finds:32] - 正在查找元素：('xpath', '//*[@text="对方已接单/未付款"]') 超时时间：0.2 访问频率：0.5
2021-06-15 09:58:48,811 INFO [root] [base.py (base_find:25] - 正在查找元素：('xpath', '//*[@text="等待接单"]') 超时时间：10 访问频率：0.5
2021-06-15 09:58:50,112 INFO [root] [base.py (base_click:40] - 正在点击元素：('xpath', '//*[@text="等待接单"]')
2021-06-15 09:58:50,114 INFO [root] [base.py (base_find:25] - 正在查找元素：('id', 'com.qjy.teleeye:id/tv_order_details_check_off') 超时时间：10 访问频率：0.5
2021-06-15 09:58:50,248 INFO [root] [base.py (base_click:40] - 正在点击元素：('id', 'com.qjy.teleeye:id/tv_order_details_check_off')
2021-06-15 09:58:50,250 INFO [root] [base.py (base_find:25] - 正在查找元素：('id', 'com.qjy.teleeye:id/btn_pos') 超时时间：10 访问频率：0.5
2021-06-15 09:58:50,935 INFO [root] [base.py (base_click:40] - 正在点击元素：('id', 'com.qjy.teleeye:id/btn_pos')
2021-06-15 09:58:50,937 INFO [root] [base.py (base_find:25] - 正在查找元素：('id', 'com.qjy.teleeye:id/tv_order_details_back') 超时时间：10 访问频率：0.5
2021-06-15 09:58:52,440 INFO [root] [base.py (base_click:40] - 正在点击元素：('id', 'com.qjy.teleeye:id/tv_order_details_back')
2021-06-15 09:58:52,442 INFO [root] [base.py (base_find:25] - 正在查找元素：('id', 'com.qjy.teleeye:id/tv_action_bar_menu_back') 超时时间：10 访问频率：0.5
2021-06-15 09:58:53,697 INFO [root] [base.py (base_click:40] - 正在点击元素：('id', 'com.qjy.teleeye:id/tv_action_bar_menu_back')
2021-06-15 09:59:01,473 INFO [root] [base.py (__init__:18] - 获取driver对象：<appium.webdriver.webdriver.WebDriver (session="14d4b368-c830-4df5-8d3e-3405ffacc927")>
2021-06-15 09:59:01,474 INFO [root] [base.py (base_find:25] - 正在查找元素：('id', 'com.qjy.teleeye:id/tv_home_dialog_ok') 超时时间：10 访问频率：0.5
2021-06-15 09:59:02,956 INFO [root] [base.py (base_click:40] - 正在点击元素：('id', 'com.qjy.teleeye:id/tv_home_dialog_ok')
2021-06-15 09:59:10,310 INFO [root] [base.py (base_find:25] - 正在查找元素：('id', 'com.qjy.teleeye:id/tv_go_app') 超时时间：10 访问频率：0.5
2021-06-15 09:59:10,999 INFO [root] [base.py (base_click:40] - 正在点击元素：('id', 'com.qjy.teleeye:id/tv_go_app')
2021-06-15 09:59:11,001 INFO [root] [base.py (base_find:25] - 正在查找元素：('xpath', "//*[@text='仅在使用中允许']") 超时时间：10 访问频率：0.5
2021-06-15 09:59:12,371 INFO [root] [base.py (base_click:40] - 正在点击元素：('xpath', "//*[@text='仅在使用中允许']")
2021-06-15 09:59:12,373 INFO [root] [base.py (base_find:25] - 正在查找元素：('id', 'com.qjy.teleeye:id/iv_tabbar_me') 超时时间：10 访问频率：0.5
2021-06-15 09:59:14,336 INFO [root] [base.py (base_click:40] - 正在点击元素：('id', 'com.qjy.teleeye:id/iv_tabbar_me')
2021-06-15 09:59:14,337 INFO [root] [base.py (base_find:25] - 正在查找元素：('id', 'com.qjy.teleeye:id/tv_info_head_name') 超时时间：10 访问频率：0.5
2021-06-15 09:59:15,506 INFO [root] [base.py (base_click:40] - 正在点击元素：('id', 'com.qjy.teleeye:id/tv_info_head_name')
2021-06-15 09:59:15,508 INFO [root] [base.py (base_find:25] - 正在查找元素：('id', 'com.qjy.teleeye:id/tv_chat_rests_login') 超时时间：10 访问频率：0.5
2021-06-15 09:59:16,901 INFO [root] [base.py (base_click:40] - 正在点击元素：('id', 'com.qjy.teleeye:id/tv_chat_rests_login')
2021-06-15 09:59:16,901 INFO [root] [base.py (__init__:18] - 获取driver对象：<appium.webdriver.webdriver.WebDriver (session="14d4b368-c830-4df5-8d3e-3405ffacc927")>
2021-06-15 09:59:16,902 INFO [root] [base.py (base_find:25] - 正在查找元素：('id', 'com.qjy.teleeye:id/et_reginster_phone_number') 超时时间：10 访问频率：0.5
2021-06-15 09:59:16,997 INFO [root] [base.py (base_input:48] - 正在对元素：('id', 'com.qjy.teleeye:id/et_reginster_phone_number') 执行清空操作
2021-06-15 09:59:18,040 INFO [root] [base.py (base_input:51] - 对元素：('id', 'com.qjy.teleeye:id/et_reginster_phone_number') 执行 输入：13511112222
2021-06-15 09:59:18,041 INFO [root] [base.py (base_find:25] - 正在查找元素：('id', 'com.qjy.teleeye:id/et_reginster_phone_code') 超时时间：10 访问频率：0.5
2021-06-15 09:59:18,926 INFO [root] [base.py (base_input:48] - 正在对元素：('id', 'com.qjy.teleeye:id/et_reginster_phone_code') 执行清空操作
2021-06-15 09:59:19,469 INFO [root] [base.py (base_input:51] - 对元素：('id', 'com.qjy.teleeye:id/et_reginster_phone_code') 执行 输入：123456
2021-06-15 09:59:19,470 INFO [root] [base.py (base_find:25] - 正在查找元素：('id', 'com.qjy.teleeye:id/tv_register_enter') 超时时间：10 访问频率：0.5
2021-06-15 09:59:20,090 INFO [root] [base.py (base_click:40] - 正在点击元素：('id', 'com.qjy.teleeye:id/tv_register_enter')
2021-06-15 09:59:20,091 INFO [root] [base.py (__init__:18] - 获取driver对象：<appium.webdriver.webdriver.WebDriver (session="14d4b368-c830-4df5-8d3e-3405ffacc927")>
2021-06-15 09:59:20,093 INFO [root] [base.py (base_find:25] - 正在查找元素：('id', 'com.qjy.teleeye:id/iv_tabbar_letter') 超时时间：10 访问频率：0.5
2021-06-15 09:59:21,694 INFO [root] [base.py (base_click:40] - 正在点击元素：('id', 'com.qjy.teleeye:id/iv_tabbar_letter')
2021-06-15 09:59:21,696 INFO [root] [base.py (base_find:25] - 正在查找元素：('xpath', '//*[@text="推荐"]') 超时时间：10 访问频率：0.5
2021-06-15 09:59:25,359 INFO [root] [base.py (base_click:40] - 正在点击元素：('xpath', '//*[@text="推荐"]')
2021-06-15 09:59:37,145 INFO [root] [base.py (base_find:25] - 正在查找元素：('xpath', '//*[@resource-id="app"]/android.view.View[1]/android.view.View[1]/android.view.View[1]/android.view.View[2]') 超时时间：10 访问频率：0.5
2021-06-15 09:59:37,891 INFO [root] [base.py (base_click:40] - 正在点击元素：('xpath', '//*[@resource-id="app"]/android.view.View[1]/android.view.View[1]/android.view.View[1]/android.view.View[2]')
2021-06-15 09:59:37,892 INFO [root] [base.py (base_find:25] - 正在查找元素：('xpath', '/hierarchy//android.widget.Image') 超时时间：10 访问频率：0.5
2021-06-15 09:59:38,933 INFO [root] [base.py (base_click:40] - 正在点击元素：('xpath', '/hierarchy//android.widget.Image')
2021-06-15 09:59:38,935 INFO [root] [base.py (base_find:25] - 正在查找元素：('xpath', '//*[@text="带我看"]') 超时时间：10 访问频率：0.5
2021-06-15 09:59:41,281 INFO [root] [base.py (base_click:40] - 正在点击元素：('xpath', '//*[@text="带我看"]')
2021-06-15 09:59:41,281 INFO [root] [base.py (__init__:18] - 获取driver对象：<appium.webdriver.webdriver.WebDriver (session="14d4b368-c830-4df5-8d3e-3405ffacc927")>
2021-06-15 09:59:41,283 INFO [root] [base.py (base_find:25] - 正在查找元素：('id', 'com.qjy.teleeye:id/rb_order_create_billing_time') 超时时间：10 访问频率：0.5
2021-06-15 09:59:42,922 INFO [root] [base.py (base_click:40] - 正在点击元素：('id', 'com.qjy.teleeye:id/rb_order_create_billing_time')
2021-06-15 09:59:43,935 INFO [root] [base.py (base_find:25] - 正在查找元素：('id', 'com.qjy.teleeye:id/et_order_create_service_money') 超时时间：10 访问频率：0.5
2021-06-15 09:59:44,026 INFO [root] [base.py (base_input:48] - 正在对元素：('id', 'com.qjy.teleeye:id/et_order_create_service_money') 执行清空操作
2021-06-15 09:59:45,068 INFO [root] [base.py (base_input:51] - 对元素：('id', 'com.qjy.teleeye:id/et_order_create_service_money') 执行 输入：0.1
2021-06-15 09:59:47,071 INFO [root] [base.py (base_find:25] - 正在查找元素：('id', 'com.qjy.teleeye:id/et_order_create_demand') 超时时间：10 访问频率：0.5
2021-06-15 09:59:47,181 INFO [root] [base.py (base_input:48] - 正在对元素：('id', 'com.qjy.teleeye:id/et_order_create_demand') 执行清空操作
2021-06-15 09:59:48,222 INFO [root] [base.py (base_input:51] - 对元素：('id', 'com.qjy.teleeye:id/et_order_create_demand') 执行 输入：随便看看
2021-06-15 09:59:48,224 INFO [root] [base.py (base_find:25] - 正在查找元素：('id', 'com.qjy.teleeye:id/tv_order_create_pay') 超时时间：10 访问频率：0.5
2021-06-15 09:59:49,602 INFO [root] [base.py (base_click:40] - 正在点击元素：('id', 'com.qjy.teleeye:id/tv_order_create_pay')
2021-06-15 09:59:49,604 INFO [root] [base.py (base_find:25] - 正在查找元素：('id', 'com.qjy.teleeye:id/tv_order_preview_issue') 超时时间：10 访问频率：0.5
2021-06-15 09:59:49,747 INFO [root] [base.py (base_click:40] - 正在点击元素：('id', 'com.qjy.teleeye:id/tv_order_preview_issue')
2021-06-15 09:59:51,984 INFO [root] [base.py (base_find:25] - 正在查找元素：('id', 'com.qjy.teleeye:id/tv_popup_order_ok') 超时时间：10 访问频率：0.5
2021-06-15 09:59:52,130 INFO [root] [base.py (base_click:40] - 正在点击元素：('id', 'com.qjy.teleeye:id/tv_popup_order_ok')
2021-06-15 09:59:53,144 INFO [root] [base.py (__init__:18] - 获取driver对象：<appium.webdriver.webdriver.WebDriver (session="14d4b368-c830-4df5-8d3e-3405ffacc927")>
2021-06-15 09:59:53,146 INFO [root] [base.py (base_find:25] - 正在查找元素：('id', 'com.qjy.teleeye:id/iv_tabbar_me') 超时时间：10 访问频率：0.5
2021-06-15 09:59:53,353 INFO [root] [base.py (base_click:40] - 正在点击元素：('id', 'com.qjy.teleeye:id/iv_tabbar_me')
2021-06-15 09:59:53,355 INFO [root] [base.py (base_find:25] - 正在查找元素：('id', 'com.qjy.teleeye:id/ll_me_info_bill') 超时时间：10 访问频率：0.5
2021-06-15 09:59:54,160 INFO [root] [base.py (base_click:40] - 正在点击元素：('id', 'com.qjy.teleeye:id/ll_me_info_bill')
2021-06-15 09:59:56,172 INFO [root] [base.py (base_finds:32] - 正在查找元素：('xpath', '//*[@text="对方已接单/未付款"]') 超时时间：0.2 访问频率：0.5
2021-06-15 09:59:56,866 INFO [root] [base.py (base_finds:32] - 正在查找元素：('xpath', '//*[@text="对方已接单/未付款"]') 超时时间：0.2 访问频率：0.5
2021-06-15 09:59:57,583 INFO [root] [base.py (base_find:25] - 正在查找元素：('xpath', '//*[@text="等待接单"]') 超时时间：10 访问频率：0.5
2021-06-15 09:59:58,947 INFO [root] [base.py (base_click:40] - 正在点击元素：('xpath', '//*[@text="等待接单"]')
2021-06-15 09:59:58,949 INFO [root] [base.py (base_find:25] - 正在查找元素：('id', 'com.qjy.teleeye:id/tv_order_details_check_off') 超时时间：10 访问频率：0.5
2021-06-15 09:59:59,090 INFO [root] [base.py (base_click:40] - 正在点击元素：('id', 'com.qjy.teleeye:id/tv_order_details_check_off')
2021-06-15 09:59:59,091 INFO [root] [base.py (base_find:25] - 正在查找元素：('id', 'com.qjy.teleeye:id/btn_pos') 超时时间：10 访问频率：0.5
2021-06-15 09:59:59,748 INFO [root] [base.py (base_click:40] - 正在点击元素：('id', 'com.qjy.teleeye:id/btn_pos')
2021-06-15 09:59:59,749 INFO [root] [base.py (base_find:25] - 正在查找元素：('id', 'com.qjy.teleeye:id/tv_order_details_back') 超时时间：10 访问频率：0.5
2021-06-15 10:00:00,649 INFO [root] [base.py (base_click:40] - 正在点击元素：('id', 'com.qjy.teleeye:id/tv_order_details_back')
2021-06-15 10:00:00,651 INFO [root] [base.py (base_find:25] - 正在查找元素：('id', 'com.qjy.teleeye:id/tv_action_bar_menu_back') 超时时间：10 访问频率：0.5
2021-06-15 10:00:03,135 INFO [root] [base.py (base_click:40] - 正在点击元素：('id', 'com.qjy.teleeye:id/tv_action_bar_menu_back')
